<?xml version="1.0" encoding="UTF-8"?>
<!-- Generated by org.testng.reporters.JUnitReportReporter -->
<testsuite hostname="Matron5-PC" failures="0" tests="6" name="com.registration.RegTest" time="7.423" errors="0" timestamp="01 Feb 2019 05:27:34 GMT" skipped="0">
  <testcase classname="com.registration.RegTest" name="VerifyingLoginDetailsTest" time="0.420"/>
  <testcase classname="com.registration.RegTest" name="VerifyingLoginDetailsTest" time="0.400"/>
  <testcase classname="com.registration.RegTest" name="VerifyingLoginDetailsTest" time="0.925"/>
  <testcase classname="com.registration.RegTest" name="VerifyingLoginDetailsTest" time="0.365"/>
  <testcase classname="com.registration.RegTest" name="VerifyingRegistrationDetailsTest" time="4.223"/>
  <testcase classname="com.registration.RegTest" name="VerifyingSearchRegDetailsTest" time="1.090"/>
</testsuite> <!-- com.registration.RegTest -->
