<?xml version="1.0" encoding="UTF-8"?>
<!-- Generated by org.testng.reporters.JUnitReportReporter -->
<testsuite hostname="Matron5-PC" failures="0" tests="2" name="com.test.Registration" time="5.610" errors="0" timestamp="24 Jan 2019 12:13:47 GMT" skipped="0">
  <testcase classname="com.test.Registration" name="permanentreg" time="4.327"/>
  <testcase classname="com.test.Registration" name="searchreg" time="1.283"/>
</testsuite> <!-- com.test.Registration -->
