<?xml version="1.0" encoding="UTF-8"?>
<!-- Generated by org.testng.reporters.JUnitReportReporter -->
<testsuite hostname="Matron5-PC" failures="0" tests="2" name="com.test.PermanentReg" time="5.705" errors="0" timestamp="23 Jan 2019 09:52:53 GMT" skipped="0">
  <testcase classname="com.test.PermanentReg" name="permanent" time="4.544"/>
  <testcase classname="com.test.PermanentReg" name="searchreg" time="1.161"/>
</testsuite> <!-- com.test.PermanentReg -->
